<?xml version="1.0" encoding="UTF-8"?>
<!-- Generated by org.testng.reporters.JUnitReportReporter -->
<testsuite skipped="0" hostname="Vijay" name="Test.TestWestPacUserStory1" tests="4" failures="0" timestamp="07 Oct 2018 22:27:46 GMT" time="13.261" errors="0">
  <testcase name="test_Warning_Message_For_Invalid_Input" time="3.033" classname="Test.TestWestPacUserStory1"/>
  <testcase name="test_Warning_Message_For_Invalid_Input" time="3.581" classname="Test.TestWestPacUserStory1"/>
  <testcase name="test_Warning_Message_For_Invalid_Input" time="3.697" classname="Test.TestWestPacUserStory1"/>
  <testcase name="test_Warning_Message_For_Invalid_Input" time="2.950" classname="Test.TestWestPacUserStory1"/>
</testsuite> <!-- Test.TestWestPacUserStory1 -->
