<?xml version="1.0" encoding="UTF-8"?>
<!-- Generated by org.testng.reporters.JUnitReportReporter -->
<testsuite skipped="0" hostname="Vijay" name="Test.TestWestPacUserStory2" tests="4" failures="0" timestamp="08 Oct 2018 00:41:24 GMT" time="12.803" errors="0">
  <testcase name="test_Valid_Currency_Conversion" time="3.285" classname="Test.TestWestPacUserStory2"/>
  <testcase name="test_Valid_Currency_Conversion" time="3.269" classname="Test.TestWestPacUserStory2"/>
  <testcase name="test_Valid_Currency_Conversion" time="3.215" classname="Test.TestWestPacUserStory2"/>
  <testcase name="test_Valid_Currency_Conversion" time="3.034" classname="Test.TestWestPacUserStory2"/>
</testsuite> <!-- Test.TestWestPacUserStory2 -->
