<?xml version="1.0" encoding="UTF-8"?>
<!-- Generated by org.testng.reporters.JUnitReportReporter -->
<testsuite skipped="0" hostname="Vijay" name="Test.TestWestPacUserStory1" tests="4" failures="0" timestamp="07 Oct 2018 23:58:52 GMT" time="12.554" errors="0">
  <testcase name="test_Warning_Message_For_Invalid_Input" time="2.784" classname="Test.TestWestPacUserStory1"/>
  <testcase name="test_Warning_Message_For_Invalid_Input" time="3.245" classname="Test.TestWestPacUserStory1"/>
  <testcase name="test_Warning_Message_For_Invalid_Input" time="3.293" classname="Test.TestWestPacUserStory1"/>
  <testcase name="test_Warning_Message_For_Invalid_Input" time="3.232" classname="Test.TestWestPacUserStory1"/>
</testsuite> <!-- Test.TestWestPacUserStory1 -->
