<?xml version="1.0" encoding="UTF-8"?>
<!-- Generated by org.testng.reporters.JUnitReportReporter -->
<testsuite skipped="0" hostname="Vijay" name="Test.TestWestPacUserStory1" tests="4" failures="0" timestamp="08 Oct 2018 00:41:24 GMT" time="11.848" errors="0">
  <testcase name="test_Warning_Message_For_Invalid_Input" time="2.506" classname="Test.TestWestPacUserStory1"/>
  <testcase name="test_Warning_Message_For_Invalid_Input" time="2.845" classname="Test.TestWestPacUserStory1"/>
  <testcase name="test_Warning_Message_For_Invalid_Input" time="3.402" classname="Test.TestWestPacUserStory1"/>
  <testcase name="test_Warning_Message_For_Invalid_Input" time="3.095" classname="Test.TestWestPacUserStory1"/>
</testsuite> <!-- Test.TestWestPacUserStory1 -->
